

================================================================
== Vitis HLS Report for 'parallel_to_AXI'
================================================================
* Date:           Sat Jul 31 14:20:46 2021

* Version:        2020.1 (Build 2902540 on Wed May 27 20:16:15 MDT 2020)
* Project:        parallel_to_AXI
* Solution:       solution1 (Vivado IP Flow Target)
* Product family: spartan7
* Target device:  xc7s25-csga324-2


================================================================
== Performance Estimates
================================================================
+ Timing: 
    * Summary: 
    +--------+---------+----------+------------+
    |  Clock |  Target | Estimated| Uncertainty|
    +--------+---------+----------+------------+
    |ap_clk  | 5.00 ns | 5.807 ns |   1.35 ns  |
    +--------+---------+----------+------------+

+ Latency: 
    * Summary: 
    +---------+---------+-----------+-----------+-----+-----+----------+
    |  Latency (cycles) |   Latency (absolute)  |  Interval | Pipeline |
    |   min   |   max   |    min    |    max    | min | max |   Type   |
    +---------+---------+-----------+-----------+-----+-----+----------+
    |       14|       14| 81.298 ns | 81.298 ns |    1|    1| function |
    +---------+---------+-----------+-----------+-----+-----+----------+

    + Detail: 
        * Instance: 
        N/A

        * Loop: 
        N/A



================================================================
== Utilization Estimates
================================================================
* Summary: 
+-----------------+---------+----+-------+-------+-----+
|       Name      | BRAM_18K| DSP|   FF  |  LUT  | URAM|
+-----------------+---------+----+-------+-------+-----+
|DSP              |        -|   -|      -|      -|    -|
|Expression       |        -|   -|      0|    179|    -|
|FIFO             |        -|   -|      -|      -|    -|
|Instance         |        2|   -|    512|    580|    -|
|Memory           |        -|   -|      -|      -|    -|
|Multiplexer      |        -|   -|      -|    276|    -|
|Register         |        -|   -|    490|      -|    -|
+-----------------+---------+----+-------+-------+-----+
|Total            |        2|   0|   1002|   1035|    0|
+-----------------+---------+----+-------+-------+-----+
|Available        |       90|  80|  29200|  14600|    0|
+-----------------+---------+----+-------+-------+-----+
|Utilization (%)  |        2|   0|      3|      7|    0|
+-----------------+---------+----+-------+-------+-----+

+ Detail: 
    * Instance: 
    +--------------+------------+---------+----+-----+-----+-----+
    |   Instance   |   Module   | BRAM_18K| DSP|  FF | LUT | URAM|
    +--------------+------------+---------+----+-----+-----+-----+
    |gmem_m_axi_U  |gmem_m_axi  |        2|   0|  512|  580|    0|
    +--------------+------------+---------+----+-----+-----+-----+
    |Total         |            |        2|   0|  512|  580|    0|
    +--------------+------------+---------+----+-----+-----+-----+

    * DSP: 
    N/A

    * Memory: 
    N/A

    * FIFO: 
    N/A

    * Expression: 
    +------------------------------------+----------+----+---+----+------------+------------+
    |            Variable Name           | Operation| DSP| FF| LUT| Bitwidth P0| Bitwidth P1|
    +------------------------------------+----------+----+---+----+------------+------------+
    |add_ln324_1_fu_198_p2               |     +    |   0|  0|  71|          64|          64|
    |add_ln324_fu_236_p2                 |     +    |   0|  0|  71|          64|          64|
    |and_ln34_fu_268_p2                  |    and   |   0|  0|   2|           1|           1|
    |ap_block_state15_pp0_stage0_iter14  |    and   |   0|  0|   2|           1|           1|
    |ap_block_state2_io                  |    and   |   0|  0|   2|           1|           1|
    |ap_block_state3_io                  |    and   |   0|  0|   2|           1|           1|
    |ap_block_state8_io                  |    and   |   0|  0|   2|           1|           1|
    |ap_block_state8_pp0_stage0_iter7    |    and   |   0|  0|   2|           1|           1|
    |ap_condition_568                    |    and   |   0|  0|   2|           1|           1|
    |ap_condition_593                    |    and   |   0|  0|   2|           1|           1|
    |ap_predicate_op62_writereq_state2   |    and   |   0|  0|   2|           1|           1|
    |ap_predicate_op63_write_state3      |    and   |   0|  0|   2|           1|           1|
    |ap_predicate_op68_readreq_state8    |    and   |   0|  0|   2|           1|           1|
    |ap_predicate_op69_writeresp_state8  |    and   |   0|  0|   2|           1|           1|
    |ap_predicate_op76_read_state15      |    and   |   0|  0|   2|           1|           1|
    |icmp_ln874_fu_262_p2                |   icmp   |   0|  0|  11|           8|           1|
    +------------------------------------+----------+----+---+----+------------+------------+
    |Total                               |          |   0|  0| 179|         149|         142|
    +------------------------------------+----------+----+---+----+------------+------------+

    * Multiplexer: 
    +------------------+----+-----------+-----+-----------+
    |       Name       | LUT| Input Size| Bits| Total Bits|
    +------------------+----+-----------+-----+-----------+
    |ap_NS_iter10_fsm  |  15|          3|    2|          6|
    |ap_NS_iter11_fsm  |  15|          3|    2|          6|
    |ap_NS_iter12_fsm  |  15|          3|    2|          6|
    |ap_NS_iter13_fsm  |  15|          3|    2|          6|
    |ap_NS_iter14_fsm  |  15|          3|    2|          6|
    |ap_NS_iter1_fsm   |  15|          3|    2|          6|
    |ap_NS_iter2_fsm   |  15|          3|    2|          6|
    |ap_NS_iter3_fsm   |  15|          3|    2|          6|
    |ap_NS_iter4_fsm   |  15|          3|    2|          6|
    |ap_NS_iter5_fsm   |  15|          3|    2|          6|
    |ap_NS_iter6_fsm   |  15|          3|    2|          6|
    |ap_NS_iter7_fsm   |  15|          3|    2|          6|
    |ap_NS_iter8_fsm   |  15|          3|    2|          6|
    |ap_NS_iter9_fsm   |  15|          3|    2|          6|
    |gmem_blk_n_AR     |   9|          2|    1|          2|
    |gmem_blk_n_AW     |   9|          2|    1|          2|
    |gmem_blk_n_B      |   9|          2|    1|          2|
    |gmem_blk_n_R      |   9|          2|    1|          2|
    |gmem_blk_n_W      |   9|          2|    1|          2|
    |sta               |  21|          4|    8|         32|
    +------------------+----+-----------+-----+-----------+
    |Total             | 276|         56|   41|        126|
    +------------------+----+-----------+-----+-----------+

    * Register: 
    +----------------------------------------+----+----+-----+-----------+
    |                  Name                  | FF | LUT| Bits| Const Bits|
    +----------------------------------------+----+----+-----+-----------+
    |and_ln34_reg_299                        |   1|   0|    1|          0|
    |and_ln34_reg_299_pp0_iter10_reg         |   1|   0|    1|          0|
    |and_ln34_reg_299_pp0_iter11_reg         |   1|   0|    1|          0|
    |and_ln34_reg_299_pp0_iter12_reg         |   1|   0|    1|          0|
    |and_ln34_reg_299_pp0_iter13_reg         |   1|   0|    1|          0|
    |and_ln34_reg_299_pp0_iter1_reg          |   1|   0|    1|          0|
    |and_ln34_reg_299_pp0_iter2_reg          |   1|   0|    1|          0|
    |and_ln34_reg_299_pp0_iter3_reg          |   1|   0|    1|          0|
    |and_ln34_reg_299_pp0_iter4_reg          |   1|   0|    1|          0|
    |and_ln34_reg_299_pp0_iter5_reg          |   1|   0|    1|          0|
    |and_ln34_reg_299_pp0_iter6_reg          |   1|   0|    1|          0|
    |and_ln34_reg_299_pp0_iter7_reg          |   1|   0|    1|          0|
    |and_ln34_reg_299_pp0_iter8_reg          |   1|   0|    1|          0|
    |and_ln34_reg_299_pp0_iter9_reg          |   1|   0|    1|          0|
    |ap_CS_iter0_fsm                         |   1|   0|    1|          0|
    |ap_CS_iter10_fsm                        |   2|   0|    2|          0|
    |ap_CS_iter11_fsm                        |   2|   0|    2|          0|
    |ap_CS_iter12_fsm                        |   2|   0|    2|          0|
    |ap_CS_iter13_fsm                        |   2|   0|    2|          0|
    |ap_CS_iter14_fsm                        |   2|   0|    2|          0|
    |ap_CS_iter1_fsm                         |   2|   0|    2|          0|
    |ap_CS_iter2_fsm                         |   2|   0|    2|          0|
    |ap_CS_iter3_fsm                         |   2|   0|    2|          0|
    |ap_CS_iter4_fsm                         |   2|   0|    2|          0|
    |ap_CS_iter5_fsm                         |   2|   0|    2|          0|
    |ap_CS_iter6_fsm                         |   2|   0|    2|          0|
    |ap_CS_iter7_fsm                         |   2|   0|    2|          0|
    |ap_CS_iter8_fsm                         |   2|   0|    2|          0|
    |ap_CS_iter9_fsm                         |   2|   0|    2|          0|
    |clear_flag                              |   1|   0|    1|          0|
    |clear_flag_load_reg_283                 |   1|   0|    1|          0|
    |clear_flag_load_reg_283_pp0_iter10_reg  |   1|   0|    1|          0|
    |clear_flag_load_reg_283_pp0_iter11_reg  |   1|   0|    1|          0|
    |clear_flag_load_reg_283_pp0_iter12_reg  |   1|   0|    1|          0|
    |clear_flag_load_reg_283_pp0_iter13_reg  |   1|   0|    1|          0|
    |clear_flag_load_reg_283_pp0_iter1_reg   |   1|   0|    1|          0|
    |clear_flag_load_reg_283_pp0_iter2_reg   |   1|   0|    1|          0|
    |clear_flag_load_reg_283_pp0_iter3_reg   |   1|   0|    1|          0|
    |clear_flag_load_reg_283_pp0_iter4_reg   |   1|   0|    1|          0|
    |clear_flag_load_reg_283_pp0_iter5_reg   |   1|   0|    1|          0|
    |clear_flag_load_reg_283_pp0_iter6_reg   |   1|   0|    1|          0|
    |clear_flag_load_reg_283_pp0_iter7_reg   |   1|   0|    1|          0|
    |clear_flag_load_reg_283_pp0_iter8_reg   |   1|   0|    1|          0|
    |clear_flag_load_reg_283_pp0_iter9_reg   |   1|   0|    1|          0|
    |cmd_read_reg_274                        |   8|   0|    8|          0|
    |cmd_read_reg_274_pp0_iter10_reg         |   8|   0|    8|          0|
    |cmd_read_reg_274_pp0_iter11_reg         |   8|   0|    8|          0|
    |cmd_read_reg_274_pp0_iter12_reg         |   8|   0|    8|          0|
    |cmd_read_reg_274_pp0_iter13_reg         |   8|   0|    8|          0|
    |cmd_read_reg_274_pp0_iter1_reg          |   8|   0|    8|          0|
    |cmd_read_reg_274_pp0_iter2_reg          |   8|   0|    8|          0|
    |cmd_read_reg_274_pp0_iter3_reg          |   8|   0|    8|          0|
    |cmd_read_reg_274_pp0_iter4_reg          |   8|   0|    8|          0|
    |cmd_read_reg_274_pp0_iter5_reg          |   8|   0|    8|          0|
    |cmd_read_reg_274_pp0_iter6_reg          |   8|   0|    8|          0|
    |cmd_read_reg_274_pp0_iter7_reg          |   8|   0|    8|          0|
    |cmd_read_reg_274_pp0_iter8_reg          |   8|   0|    8|          0|
    |cmd_read_reg_274_pp0_iter9_reg          |   8|   0|    8|          0|
    |gmem_addr_1_reg_287                     |  32|   0|   32|          0|
    |gmem_addr_1_reg_287_pp0_iter1_reg       |  32|   0|   32|          0|
    |gmem_addr_1_reg_287_pp0_iter2_reg       |  32|   0|   32|          0|
    |gmem_addr_1_reg_287_pp0_iter3_reg       |  32|   0|   32|          0|
    |gmem_addr_1_reg_287_pp0_iter4_reg       |  32|   0|   32|          0|
    |gmem_addr_1_reg_287_pp0_iter5_reg       |  32|   0|   32|          0|
    |gmem_addr_1_reg_287_pp0_iter6_reg       |  32|   0|   32|          0|
    |gmem_addr_reg_293                       |  32|   0|   32|          0|
    |wdata_read_reg_278                      |  32|   0|   32|          0|
    |wdata_read_reg_278_pp0_iter1_reg        |  32|   0|   32|          0|
    +----------------------------------------+----+----+-----+-----------+
    |Total                                   | 490|   0|  490|          0|
    +----------------------------------------+----+----+-----+-----------+



================================================================
== Interface
================================================================
* Summary: 
+---------------------+-----+-----+------------+-----------------+--------------+
|      RTL Ports      | Dir | Bits|  Protocol  |  Source Object  |    C Type    |
+---------------------+-----+-----+------------+-----------------+--------------+
|ap_clk               |  in |    1| ap_ctrl_hs | parallel_to_AXI | return value |
|ap_rst_n             |  in |    1| ap_ctrl_hs | parallel_to_AXI | return value |
|ap_start             |  in |    1| ap_ctrl_hs | parallel_to_AXI | return value |
|ap_done              | out |    1| ap_ctrl_hs | parallel_to_AXI | return value |
|ap_idle              | out |    1| ap_ctrl_hs | parallel_to_AXI | return value |
|ap_ready             | out |    1| ap_ctrl_hs | parallel_to_AXI | return value |
|m_axi_gmem_AWVALID   | out |    1|    m_axi   |       gmem      |    pointer   |
|m_axi_gmem_AWREADY   |  in |    1|    m_axi   |       gmem      |    pointer   |
|m_axi_gmem_AWADDR    | out |   32|    m_axi   |       gmem      |    pointer   |
|m_axi_gmem_AWID      | out |    1|    m_axi   |       gmem      |    pointer   |
|m_axi_gmem_AWLEN     | out |    8|    m_axi   |       gmem      |    pointer   |
|m_axi_gmem_AWSIZE    | out |    3|    m_axi   |       gmem      |    pointer   |
|m_axi_gmem_AWBURST   | out |    2|    m_axi   |       gmem      |    pointer   |
|m_axi_gmem_AWLOCK    | out |    2|    m_axi   |       gmem      |    pointer   |
|m_axi_gmem_AWCACHE   | out |    4|    m_axi   |       gmem      |    pointer   |
|m_axi_gmem_AWPROT    | out |    3|    m_axi   |       gmem      |    pointer   |
|m_axi_gmem_AWQOS     | out |    4|    m_axi   |       gmem      |    pointer   |
|m_axi_gmem_AWREGION  | out |    4|    m_axi   |       gmem      |    pointer   |
|m_axi_gmem_AWUSER    | out |    1|    m_axi   |       gmem      |    pointer   |
|m_axi_gmem_WVALID    | out |    1|    m_axi   |       gmem      |    pointer   |
|m_axi_gmem_WREADY    |  in |    1|    m_axi   |       gmem      |    pointer   |
|m_axi_gmem_WDATA     | out |   32|    m_axi   |       gmem      |    pointer   |
|m_axi_gmem_WSTRB     | out |    4|    m_axi   |       gmem      |    pointer   |
|m_axi_gmem_WLAST     | out |    1|    m_axi   |       gmem      |    pointer   |
|m_axi_gmem_WID       | out |    1|    m_axi   |       gmem      |    pointer   |
|m_axi_gmem_WUSER     | out |    1|    m_axi   |       gmem      |    pointer   |
|m_axi_gmem_ARVALID   | out |    1|    m_axi   |       gmem      |    pointer   |
|m_axi_gmem_ARREADY   |  in |    1|    m_axi   |       gmem      |    pointer   |
|m_axi_gmem_ARADDR    | out |   32|    m_axi   |       gmem      |    pointer   |
|m_axi_gmem_ARID      | out |    1|    m_axi   |       gmem      |    pointer   |
|m_axi_gmem_ARLEN     | out |    8|    m_axi   |       gmem      |    pointer   |
|m_axi_gmem_ARSIZE    | out |    3|    m_axi   |       gmem      |    pointer   |
|m_axi_gmem_ARBURST   | out |    2|    m_axi   |       gmem      |    pointer   |
|m_axi_gmem_ARLOCK    | out |    2|    m_axi   |       gmem      |    pointer   |
|m_axi_gmem_ARCACHE   | out |    4|    m_axi   |       gmem      |    pointer   |
|m_axi_gmem_ARPROT    | out |    3|    m_axi   |       gmem      |    pointer   |
|m_axi_gmem_ARQOS     | out |    4|    m_axi   |       gmem      |    pointer   |
|m_axi_gmem_ARREGION  | out |    4|    m_axi   |       gmem      |    pointer   |
|m_axi_gmem_ARUSER    | out |    1|    m_axi   |       gmem      |    pointer   |
|m_axi_gmem_RVALID    |  in |    1|    m_axi   |       gmem      |    pointer   |
|m_axi_gmem_RREADY    | out |    1|    m_axi   |       gmem      |    pointer   |
|m_axi_gmem_RDATA     |  in |   32|    m_axi   |       gmem      |    pointer   |
|m_axi_gmem_RLAST     |  in |    1|    m_axi   |       gmem      |    pointer   |
|m_axi_gmem_RID       |  in |    1|    m_axi   |       gmem      |    pointer   |
|m_axi_gmem_RUSER     |  in |    1|    m_axi   |       gmem      |    pointer   |
|m_axi_gmem_RRESP     |  in |    2|    m_axi   |       gmem      |    pointer   |
|m_axi_gmem_BVALID    |  in |    1|    m_axi   |       gmem      |    pointer   |
|m_axi_gmem_BREADY    | out |    1|    m_axi   |       gmem      |    pointer   |
|m_axi_gmem_BRESP     |  in |    2|    m_axi   |       gmem      |    pointer   |
|m_axi_gmem_BID       |  in |    1|    m_axi   |       gmem      |    pointer   |
|m_axi_gmem_BUSER     |  in |    1|    m_axi   |       gmem      |    pointer   |
|wdata                |  in |   32|   ap_none  |      wdata      |    scalar    |
|wadd                 |  in |   32|   ap_none  |       wadd      |    scalar    |
|rdata                | out |   32|   ap_ovld  |      rdata      |    pointer   |
|rdata_ap_vld         | out |    1|   ap_ovld  |      rdata      |    pointer   |
|radd                 |  in |   32|   ap_none  |       radd      |    scalar    |
|cmd                  |  in |    8|   ap_none  |       cmd       |    scalar    |
|sta                  | out |    8|   ap_ovld  |       sta       |    pointer   |
|sta_ap_vld           | out |    1|   ap_ovld  |       sta       |    pointer   |
|AXI                  |  in |   64|   ap_none  |       AXI       |    scalar    |
+---------------------+-----+-----+------------+-----------------+--------------+

